2021-10-22 23:37:04,912:INFO:Initializing load_model()
2021-10-22 23:37:04,912:INFO:load_model(model_name=model, platform=None, authentication=None, verbose=True)
2021-10-22 23:37:47,384:INFO:Initializing load_model()
2021-10-22 23:37:47,385:INFO:load_model(model_name=model, platform=None, authentication=None, verbose=True)
2021-10-22 23:37:47,467:INFO:Initializing predict_model()
2021-10-22 23:37:47,468:INFO:predict_model(estimator=Pipeline(steps=[('dtypes',
                 DataTypes_Auto_infer(ml_usecase='classification',
                                      numerical_features=['yearsAtCompany',
                                                          'averageMonthlyHours'],
                                      target='turnover')),
                ('imputer',
                 Simple_Imputer(categorical_strategy='not_available',
                                fill_value_categorical=None,
                                fill_value_numerical=None,
                                numeric_strategy='mean',
                                target_variable=None)),
                ('new_levels1',
                 New_Catagorical_...
                ('rem_outliers', 'passthrough'), ('cluster_all', 'passthrough'),
                ('dummy', Dummify(target='turnover')),
                ('fix_perfect', Remove_100(target='turnover')),
                ('clean_names', Clean_Colum_Names()),
                ('feature_select', 'passthrough'), ('fix_multi', 'passthrough'),
                ('dfs', 'passthrough'), ('pca', 'passthrough'),
                ['trained_model',
                 GradientBoostingClassifier(max_depth=1, min_samples_split=5,
                                            n_estimators=500,
                                            random_state=4298)]]), probability_threshold=None, encoded_labels=False, raw_score=False, round=4, verbose=True, ml_usecase=MLUsecase.CLASSIFICATION, display=None)
2021-10-22 23:37:47,472:INFO:Checking exceptions
2021-10-22 23:37:47,472:INFO:Preloading libraries
2021-10-23 00:14:36,592:INFO:Initializing load_model()
2021-10-23 00:14:36,592:INFO:load_model(model_name=model, platform=None, authentication=None, verbose=True)
