2021-10-22 23:04:00,654:INFO:PyCaret Supervised Module
2021-10-22 23:04:00,655:INFO:ML Usecase: classification
2021-10-22 23:04:00,655:INFO:version 2.3.4
2021-10-22 23:04:00,656:INFO:Initializing setup()
2021-10-22 23:04:00,656:INFO:setup(target=turnover, ml_usecase=classification, available_plots={'parameter': 'Hyperparameters', 'auc': 'AUC', 'confusion_matrix': 'Confusion Matrix', 'threshold': 'Threshold', 'pr': 'Precision Recall', 'error': 'Prediction Error', 'class_report': 'Class Report', 'rfe': 'Feature Selection', 'learning': 'Learning Curve', 'manifold': 'Manifold Learning', 'calibration': 'Calibration Curve', 'vc': 'Validation Curve', 'dimension': 'Dimensions', 'feature': 'Feature Importance', 'feature_all': 'Feature Importance (All)', 'boundary': 'Decision Boundary', 'lift': 'Lift Chart', 'gain': 'Gain Chart', 'tree': 'Decision Tree', 'ks': 'KS Statistic Plot'}, train_size=0.7, test_data=None, preprocess=True, imputation_type=simple, iterative_imputation_iters=5, categorical_features=None, categorical_imputation=constant, categorical_iterative_imputer=lightgbm, ordinal_features=None, high_cardinality_features=None, high_cardinality_method=frequency, numeric_features=['yearsAtCompany'], numeric_imputation=mean, numeric_iterative_imputer=lightgbm, date_features=None, ignore_features=None, normalize=True, normalize_method=minmax, transformation=False, transformation_method=yeo-johnson, handle_unknown_categorical=True, unknown_categorical_method=least_frequent, pca=False, pca_method=linear, pca_components=None, ignore_low_variance=False, combine_rare_levels=False, rare_level_threshold=0.1, bin_numeric_features=None, remove_outliers=False, outliers_threshold=0.05, remove_multicollinearity=False, multicollinearity_threshold=0.9, remove_perfect_collinearity=True, create_clusters=False, cluster_iter=20, polynomial_features=False, polynomial_degree=2, trigonometry_features=False, polynomial_threshold=0.1, group_features=None, group_names=None, feature_selection=False, feature_selection_threshold=0.8, feature_selection_method=classic, feature_interaction=False, feature_ratio=False, interaction_threshold=0.01, fix_imbalance=True, fix_imbalance_method=None, transform_target=False, transform_target_method=box-cox, data_split_shuffle=True, data_split_stratify=True, fold_strategy=stratifiedkfold, fold=10, fold_shuffle=False, fold_groups=None, n_jobs=-1, use_gpu=False, custom_pipeline=None, html=True, session_id=None, log_experiment=False, experiment_name=None, log_plots=False, log_profile=False, log_data=False, silent=False, verbose=True, profile=False, profile_kwargs=None, display=None)
2021-10-22 23:04:00,668:INFO:Checking environment
2021-10-22 23:04:00,668:INFO:python_version: 3.8.10
2021-10-22 23:04:00,668:INFO:python_build: ('tags/v3.8.10:3d8993a', 'May  3 2021 11:48:03')
2021-10-22 23:04:00,668:INFO:machine: AMD64
2021-10-22 23:04:00,668:INFO:platform: Windows-10-10.0.19043-SP0
2021-10-22 23:04:00,670:WARNING:cannot find psutil installation. memory not traceable. Install psutil using pip to enable memory logging.
2021-10-22 23:04:00,671:INFO:Checking libraries
2021-10-22 23:04:00,671:INFO:pd==1.3.4
2021-10-22 23:04:00,671:INFO:numpy==1.19.5
2021-10-22 23:04:00,671:INFO:sklearn==0.23.2
2021-10-22 23:04:00,671:INFO:lightgbm==3.3.0
2021-10-22 23:04:00,672:WARNING:catboost not found
2021-10-22 23:04:00,674:WARNING:xgboost not found
2021-10-22 23:04:01,808:INFO:mlflow==1.20.2
2021-10-22 23:04:01,809:INFO:Checking Exceptions
2021-10-22 23:04:01,810:INFO:Declaring global variables
2021-10-22 23:04:01,810:INFO:USI: b3fd
2021-10-22 23:04:01,810:INFO:pycaret_globals: {'iterative_imputation_iters_param', 'prep_pipe', 'target_param', 'y', 'stratify_param', 'display_container', 'X_test', '_ml_usecase', 'fold_shuffle_param', 'imputation_regressor', 'pycaret_globals', 'y_test', 'gpu_param', 'html_param', 'fold_generator', '_internal_pipeline', 'fix_imbalance_param', 'data_before_preprocess', '_all_models', 'fold_groups_param_full', 'seed', 'transform_target_method_param', 'fold_groups_param', '_all_models_internal', 'log_plots_param', 'X_train', '_all_metrics', 'X', 'transform_target_param', 'y_train', 'logging_param', 'exp_name_log', 'create_model_container', 'n_jobs_param', 'experiment__', '_available_plots', 'master_model_container', 'imputation_classifier', 'fold_param', '_gpu_n_jobs_param', 'USI', 'fix_imbalance_method_param'}
2021-10-22 23:04:01,810:INFO:Preparing display monitor
2021-10-22 23:04:01,810:INFO:Preparing display monitor
2021-10-22 23:04:01,820:INFO:Importing libraries
2021-10-22 23:04:01,821:INFO:Copying data for preprocessing
2021-10-22 23:04:01,827:INFO:Declaring preprocessing parameters
2021-10-22 23:04:01,828:INFO:Creating preprocessing pipeline
2021-10-22 23:04:01,835:INFO:Preprocessing pipeline created successfully
2021-10-22 23:04:01,837:ERROR:(Process Exit): setup has been interupted with user command 'quit'. setup must rerun.
2021-10-22 23:04:01,837:INFO:Creating global containers
2021-10-22 23:04:01,838:INFO:Internal pipeline: Pipeline(memory=None,
         steps=[('fix_imbalance',
                 SMOTE(k_neighbors=5, n_jobs=None, random_state=6702,
                       sampling_strategy='auto'))],
         verbose=False)
2021-10-22 23:10:26,051:WARNING:Couldn't import xgboost.XGBClassifier
2021-10-22 23:10:26,054:WARNING:Couldn't import catboost.CatBoostClassifier
2021-10-22 23:10:26,133:WARNING:Couldn't import xgboost.XGBClassifier
2021-10-22 23:10:26,135:WARNING:Couldn't import catboost.CatBoostClassifier
2021-10-22 23:10:26,135:INFO:Creating grid variables
2021-10-22 23:10:26,148:INFO:create_model_container: 0
2021-10-22 23:10:26,148:INFO:master_model_container: 0
2021-10-22 23:10:26,148:INFO:display_container: 1
2021-10-22 23:10:26,155:INFO:Pipeline(memory=None,
         steps=[('dtypes',
                 DataTypes_Auto_infer(categorical_features=[],
                                      display_types=True, features_todrop=[],
                                      id_columns=[],
                                      ml_usecase='classification',
                                      numerical_features=['yearsAtCompany'],
                                      target='turnover', time_features=[])),
                ('imputer',
                 Simple_Imputer(categorical_strategy='not_available',
                                fill_value_categorical=None,
                                fill_value_numerical=...
                ('P_transform', 'passthrough'), ('binn', 'passthrough'),
                ('rem_outliers', 'passthrough'), ('cluster_all', 'passthrough'),
                ('dummy', Dummify(target='turnover')),
                ('fix_perfect', Remove_100(target='turnover')),
                ('clean_names', Clean_Colum_Names()),
                ('feature_select', 'passthrough'), ('fix_multi', 'passthrough'),
                ('dfs', 'passthrough'), ('pca', 'passthrough')],
         verbose=False)
2021-10-22 23:10:26,155:INFO:setup() succesfully completed......................................
2021-10-22 23:10:36,582:INFO:PyCaret Supervised Module
2021-10-22 23:10:36,583:INFO:ML Usecase: classification
2021-10-22 23:10:36,583:INFO:version 2.3.4
2021-10-22 23:10:36,583:INFO:Initializing setup()
2021-10-22 23:10:36,583:INFO:setup(target=turnover, ml_usecase=classification, available_plots={'parameter': 'Hyperparameters', 'auc': 'AUC', 'confusion_matrix': 'Confusion Matrix', 'threshold': 'Threshold', 'pr': 'Precision Recall', 'error': 'Prediction Error', 'class_report': 'Class Report', 'rfe': 'Feature Selection', 'learning': 'Learning Curve', 'manifold': 'Manifold Learning', 'calibration': 'Calibration Curve', 'vc': 'Validation Curve', 'dimension': 'Dimensions', 'feature': 'Feature Importance', 'feature_all': 'Feature Importance (All)', 'boundary': 'Decision Boundary', 'lift': 'Lift Chart', 'gain': 'Gain Chart', 'tree': 'Decision Tree', 'ks': 'KS Statistic Plot'}, train_size=0.7, test_data=None, preprocess=True, imputation_type=simple, iterative_imputation_iters=5, categorical_features=None, categorical_imputation=constant, categorical_iterative_imputer=lightgbm, ordinal_features=None, high_cardinality_features=None, high_cardinality_method=frequency, numeric_features=['yearsAtCompany'], numeric_imputation=mean, numeric_iterative_imputer=lightgbm, date_features=None, ignore_features=None, normalize=True, normalize_method=minmax, transformation=False, transformation_method=yeo-johnson, handle_unknown_categorical=True, unknown_categorical_method=least_frequent, pca=False, pca_method=linear, pca_components=None, ignore_low_variance=False, combine_rare_levels=False, rare_level_threshold=0.1, bin_numeric_features=None, remove_outliers=False, outliers_threshold=0.05, remove_multicollinearity=False, multicollinearity_threshold=0.9, remove_perfect_collinearity=True, create_clusters=False, cluster_iter=20, polynomial_features=False, polynomial_degree=2, trigonometry_features=False, polynomial_threshold=0.1, group_features=None, group_names=None, feature_selection=False, feature_selection_threshold=0.8, feature_selection_method=classic, feature_interaction=False, feature_ratio=False, interaction_threshold=0.01, fix_imbalance=True, fix_imbalance_method=None, transform_target=False, transform_target_method=box-cox, data_split_shuffle=True, data_split_stratify=True, fold_strategy=stratifiedkfold, fold=10, fold_shuffle=False, fold_groups=None, n_jobs=-1, use_gpu=False, custom_pipeline=None, html=True, session_id=None, log_experiment=False, experiment_name=None, log_plots=False, log_profile=False, log_data=False, silent=False, verbose=True, profile=False, profile_kwargs=None, display=None)
2021-10-22 23:10:36,583:INFO:Checking environment
2021-10-22 23:10:36,584:INFO:python_version: 3.8.10
2021-10-22 23:10:36,584:INFO:python_build: ('tags/v3.8.10:3d8993a', 'May  3 2021 11:48:03')
2021-10-22 23:10:36,584:INFO:machine: AMD64
2021-10-22 23:10:36,584:INFO:platform: Windows-10-10.0.19043-SP0
2021-10-22 23:10:36,587:WARNING:cannot find psutil installation. memory not traceable. Install psutil using pip to enable memory logging.
2021-10-22 23:10:36,588:INFO:Checking libraries
2021-10-22 23:10:36,588:INFO:pd==1.3.4
2021-10-22 23:10:36,588:INFO:numpy==1.19.5
2021-10-22 23:10:36,588:INFO:sklearn==0.23.2
2021-10-22 23:10:36,588:INFO:lightgbm==3.3.0
2021-10-22 23:10:36,592:WARNING:catboost not found
2021-10-22 23:10:36,593:WARNING:xgboost not found
2021-10-22 23:10:36,593:INFO:mlflow==1.20.2
2021-10-22 23:10:36,593:INFO:Checking Exceptions
2021-10-22 23:10:36,594:INFO:Declaring global variables
2021-10-22 23:10:36,594:INFO:USI: 175f
2021-10-22 23:10:36,594:INFO:pycaret_globals: {'iterative_imputation_iters_param', 'prep_pipe', 'target_param', 'y', 'stratify_param', 'display_container', 'X_test', '_ml_usecase', 'fold_shuffle_param', 'imputation_regressor', 'pycaret_globals', 'y_test', 'gpu_param', 'html_param', 'fold_generator', '_internal_pipeline', 'fix_imbalance_param', 'data_before_preprocess', '_all_models', 'fold_groups_param_full', 'seed', 'transform_target_method_param', 'fold_groups_param', '_all_models_internal', 'log_plots_param', 'X_train', '_all_metrics', 'X', 'transform_target_param', 'y_train', 'logging_param', 'exp_name_log', 'create_model_container', 'n_jobs_param', 'experiment__', '_available_plots', 'master_model_container', 'imputation_classifier', 'fold_param', '_gpu_n_jobs_param', 'USI', 'fix_imbalance_method_param'}
2021-10-22 23:10:36,594:INFO:Preparing display monitor
2021-10-22 23:10:36,594:INFO:Preparing display monitor
2021-10-22 23:10:36,609:INFO:Importing libraries
2021-10-22 23:10:36,609:INFO:Copying data for preprocessing
2021-10-22 23:10:36,616:INFO:Declaring preprocessing parameters
2021-10-22 23:10:36,618:INFO:Creating preprocessing pipeline
2021-10-22 23:10:36,628:INFO:Preprocessing pipeline created successfully
2021-10-22 23:10:36,628:ERROR:(Process Exit): setup has been interupted with user command 'quit'. setup must rerun.
2021-10-22 23:10:36,628:INFO:Creating global containers
2021-10-22 23:10:36,629:INFO:Internal pipeline: Pipeline(memory=None,
         steps=[('fix_imbalance',
                 SMOTE(k_neighbors=5, n_jobs=None, random_state=1391,
                       sampling_strategy='auto'))],
         verbose=False)
2021-10-22 23:11:36,208:WARNING:Couldn't import xgboost.XGBClassifier
2021-10-22 23:11:36,209:WARNING:Couldn't import catboost.CatBoostClassifier
2021-10-22 23:11:36,267:WARNING:Couldn't import xgboost.XGBClassifier
2021-10-22 23:11:36,268:WARNING:Couldn't import catboost.CatBoostClassifier
2021-10-22 23:11:36,269:INFO:Creating grid variables
2021-10-22 23:11:36,280:INFO:create_model_container: 0
2021-10-22 23:11:36,280:INFO:master_model_container: 0
2021-10-22 23:11:36,280:INFO:display_container: 1
2021-10-22 23:11:36,283:INFO:Pipeline(memory=None,
         steps=[('dtypes',
                 DataTypes_Auto_infer(categorical_features=[],
                                      display_types=True, features_todrop=[],
                                      id_columns=[],
                                      ml_usecase='classification',
                                      numerical_features=['yearsAtCompany'],
                                      target='turnover', time_features=[])),
                ('imputer',
                 Simple_Imputer(categorical_strategy='not_available',
                                fill_value_categorical=None,
                                fill_value_numerical=...
                ('P_transform', 'passthrough'), ('binn', 'passthrough'),
                ('rem_outliers', 'passthrough'), ('cluster_all', 'passthrough'),
                ('dummy', Dummify(target='turnover')),
                ('fix_perfect', Remove_100(target='turnover')),
                ('clean_names', Clean_Colum_Names()),
                ('feature_select', 'passthrough'), ('fix_multi', 'passthrough'),
                ('dfs', 'passthrough'), ('pca', 'passthrough')],
         verbose=False)
2021-10-22 23:11:36,283:INFO:setup() succesfully completed......................................
2021-10-22 23:12:51,034:INFO:PyCaret Supervised Module
2021-10-22 23:12:51,036:INFO:ML Usecase: classification
2021-10-22 23:12:51,036:INFO:version 2.3.4
2021-10-22 23:12:51,036:INFO:Initializing setup()
2021-10-22 23:12:51,036:INFO:setup(target=turnover, ml_usecase=classification, available_plots={'parameter': 'Hyperparameters', 'auc': 'AUC', 'confusion_matrix': 'Confusion Matrix', 'threshold': 'Threshold', 'pr': 'Precision Recall', 'error': 'Prediction Error', 'class_report': 'Class Report', 'rfe': 'Feature Selection', 'learning': 'Learning Curve', 'manifold': 'Manifold Learning', 'calibration': 'Calibration Curve', 'vc': 'Validation Curve', 'dimension': 'Dimensions', 'feature': 'Feature Importance', 'feature_all': 'Feature Importance (All)', 'boundary': 'Decision Boundary', 'lift': 'Lift Chart', 'gain': 'Gain Chart', 'tree': 'Decision Tree', 'ks': 'KS Statistic Plot'}, train_size=0.7, test_data=None, preprocess=True, imputation_type=simple, iterative_imputation_iters=5, categorical_features=None, categorical_imputation=constant, categorical_iterative_imputer=lightgbm, ordinal_features=None, high_cardinality_features=None, high_cardinality_method=frequency, numeric_features=['yearsAtCompany'], numeric_imputation=mean, numeric_iterative_imputer=lightgbm, date_features=None, ignore_features=None, normalize=True, normalize_method=minmax, transformation=False, transformation_method=yeo-johnson, handle_unknown_categorical=True, unknown_categorical_method=least_frequent, pca=False, pca_method=linear, pca_components=None, ignore_low_variance=False, combine_rare_levels=False, rare_level_threshold=0.1, bin_numeric_features=None, remove_outliers=False, outliers_threshold=0.05, remove_multicollinearity=False, multicollinearity_threshold=0.9, remove_perfect_collinearity=True, create_clusters=False, cluster_iter=20, polynomial_features=False, polynomial_degree=2, trigonometry_features=False, polynomial_threshold=0.1, group_features=None, group_names=None, feature_selection=False, feature_selection_threshold=0.8, feature_selection_method=classic, feature_interaction=False, feature_ratio=False, interaction_threshold=0.01, fix_imbalance=True, fix_imbalance_method=None, transform_target=False, transform_target_method=box-cox, data_split_shuffle=True, data_split_stratify=True, fold_strategy=stratifiedkfold, fold=10, fold_shuffle=False, fold_groups=None, n_jobs=-1, use_gpu=False, custom_pipeline=None, html=True, session_id=None, log_experiment=False, experiment_name=None, log_plots=False, log_profile=False, log_data=False, silent=False, verbose=True, profile=False, profile_kwargs=None, display=None)
2021-10-22 23:12:51,037:INFO:Checking environment
2021-10-22 23:12:51,037:INFO:python_version: 3.8.10
2021-10-22 23:12:51,037:INFO:python_build: ('tags/v3.8.10:3d8993a', 'May  3 2021 11:48:03')
2021-10-22 23:12:51,037:INFO:machine: AMD64
2021-10-22 23:12:51,037:INFO:platform: Windows-10-10.0.19043-SP0
2021-10-22 23:12:51,040:WARNING:cannot find psutil installation. memory not traceable. Install psutil using pip to enable memory logging.
2021-10-22 23:12:51,040:INFO:Checking libraries
2021-10-22 23:12:51,040:INFO:pd==1.3.4
2021-10-22 23:12:51,040:INFO:numpy==1.19.5
2021-10-22 23:12:51,041:INFO:sklearn==0.23.2
2021-10-22 23:12:51,041:INFO:lightgbm==3.3.0
2021-10-22 23:12:51,042:WARNING:catboost not found
2021-10-22 23:12:51,043:WARNING:xgboost not found
2021-10-22 23:12:51,043:INFO:mlflow==1.20.2
2021-10-22 23:12:51,043:INFO:Checking Exceptions
2021-10-22 23:12:51,043:INFO:Declaring global variables
2021-10-22 23:12:51,043:INFO:USI: 16ec
2021-10-22 23:12:51,043:INFO:pycaret_globals: {'iterative_imputation_iters_param', 'prep_pipe', 'target_param', 'y', 'stratify_param', 'display_container', 'X_test', '_ml_usecase', 'fold_shuffle_param', 'imputation_regressor', 'pycaret_globals', 'y_test', 'gpu_param', 'html_param', 'fold_generator', '_internal_pipeline', 'fix_imbalance_param', 'data_before_preprocess', '_all_models', 'fold_groups_param_full', 'seed', 'transform_target_method_param', 'fold_groups_param', '_all_models_internal', 'log_plots_param', 'X_train', '_all_metrics', 'X', 'transform_target_param', 'y_train', 'logging_param', 'exp_name_log', 'create_model_container', 'n_jobs_param', 'experiment__', '_available_plots', 'master_model_container', 'imputation_classifier', 'fold_param', '_gpu_n_jobs_param', 'USI', 'fix_imbalance_method_param'}
2021-10-22 23:12:51,043:INFO:Preparing display monitor
2021-10-22 23:12:51,043:INFO:Preparing display monitor
2021-10-22 23:12:51,056:INFO:Importing libraries
2021-10-22 23:12:51,056:INFO:Copying data for preprocessing
2021-10-22 23:12:51,061:INFO:Declaring preprocessing parameters
2021-10-22 23:12:51,062:INFO:Creating preprocessing pipeline
2021-10-22 23:12:51,065:INFO:Preprocessing pipeline created successfully
2021-10-22 23:12:51,065:ERROR:(Process Exit): setup has been interupted with user command 'quit'. setup must rerun.
2021-10-22 23:12:51,066:INFO:Creating global containers
2021-10-22 23:12:51,066:INFO:Internal pipeline: Pipeline(memory=None,
         steps=[('fix_imbalance',
                 SMOTE(k_neighbors=5, n_jobs=None, random_state=5212,
                       sampling_strategy='auto'))],
         verbose=False)
2021-10-22 23:14:12,628:WARNING:Couldn't import xgboost.XGBClassifier
2021-10-22 23:14:12,629:WARNING:Couldn't import catboost.CatBoostClassifier
2021-10-22 23:14:12,688:WARNING:Couldn't import xgboost.XGBClassifier
2021-10-22 23:14:12,690:WARNING:Couldn't import catboost.CatBoostClassifier
2021-10-22 23:14:12,690:INFO:Creating grid variables
2021-10-22 23:14:12,701:INFO:create_model_container: 0
2021-10-22 23:14:12,701:INFO:master_model_container: 0
2021-10-22 23:14:12,701:INFO:display_container: 1
2021-10-22 23:14:12,705:INFO:Pipeline(memory=None,
         steps=[('dtypes',
                 DataTypes_Auto_infer(categorical_features=[],
                                      display_types=True, features_todrop=[],
                                      id_columns=[],
                                      ml_usecase='classification',
                                      numerical_features=['yearsAtCompany'],
                                      target='turnover', time_features=[])),
                ('imputer',
                 Simple_Imputer(categorical_strategy='not_available',
                                fill_value_categorical=None,
                                fill_value_numerical=...
                ('P_transform', 'passthrough'), ('binn', 'passthrough'),
                ('rem_outliers', 'passthrough'), ('cluster_all', 'passthrough'),
                ('dummy', Dummify(target='turnover')),
                ('fix_perfect', Remove_100(target='turnover')),
                ('clean_names', Clean_Colum_Names()),
                ('feature_select', 'passthrough'), ('fix_multi', 'passthrough'),
                ('dfs', 'passthrough'), ('pca', 'passthrough')],
         verbose=False)
2021-10-22 23:14:12,705:INFO:setup() succesfully completed......................................
2021-10-22 23:14:55,737:INFO:PyCaret Supervised Module
2021-10-22 23:14:55,738:INFO:ML Usecase: classification
2021-10-22 23:14:55,738:INFO:version 2.3.4
2021-10-22 23:14:55,738:INFO:Initializing setup()
2021-10-22 23:14:55,738:INFO:setup(target=turnover, ml_usecase=classification, available_plots={'parameter': 'Hyperparameters', 'auc': 'AUC', 'confusion_matrix': 'Confusion Matrix', 'threshold': 'Threshold', 'pr': 'Precision Recall', 'error': 'Prediction Error', 'class_report': 'Class Report', 'rfe': 'Feature Selection', 'learning': 'Learning Curve', 'manifold': 'Manifold Learning', 'calibration': 'Calibration Curve', 'vc': 'Validation Curve', 'dimension': 'Dimensions', 'feature': 'Feature Importance', 'feature_all': 'Feature Importance (All)', 'boundary': 'Decision Boundary', 'lift': 'Lift Chart', 'gain': 'Gain Chart', 'tree': 'Decision Tree', 'ks': 'KS Statistic Plot'}, train_size=0.7, test_data=None, preprocess=True, imputation_type=simple, iterative_imputation_iters=5, categorical_features=None, categorical_imputation=constant, categorical_iterative_imputer=lightgbm, ordinal_features=None, high_cardinality_features=None, high_cardinality_method=frequency, numeric_features=['yearsAtCompany', 'averageMonthlyHours'], numeric_imputation=mean, numeric_iterative_imputer=lightgbm, date_features=None, ignore_features=None, normalize=True, normalize_method=minmax, transformation=False, transformation_method=yeo-johnson, handle_unknown_categorical=True, unknown_categorical_method=least_frequent, pca=False, pca_method=linear, pca_components=None, ignore_low_variance=False, combine_rare_levels=False, rare_level_threshold=0.1, bin_numeric_features=None, remove_outliers=False, outliers_threshold=0.05, remove_multicollinearity=False, multicollinearity_threshold=0.9, remove_perfect_collinearity=True, create_clusters=False, cluster_iter=20, polynomial_features=False, polynomial_degree=2, trigonometry_features=False, polynomial_threshold=0.1, group_features=None, group_names=None, feature_selection=False, feature_selection_threshold=0.8, feature_selection_method=classic, feature_interaction=False, feature_ratio=False, interaction_threshold=0.01, fix_imbalance=True, fix_imbalance_method=None, transform_target=False, transform_target_method=box-cox, data_split_shuffle=True, data_split_stratify=True, fold_strategy=stratifiedkfold, fold=10, fold_shuffle=False, fold_groups=None, n_jobs=-1, use_gpu=False, custom_pipeline=None, html=True, session_id=None, log_experiment=False, experiment_name=None, log_plots=False, log_profile=False, log_data=False, silent=False, verbose=True, profile=False, profile_kwargs=None, display=None)
2021-10-22 23:14:55,738:INFO:Checking environment
2021-10-22 23:14:55,738:INFO:python_version: 3.8.10
2021-10-22 23:14:55,738:INFO:python_build: ('tags/v3.8.10:3d8993a', 'May  3 2021 11:48:03')
2021-10-22 23:14:55,739:INFO:machine: AMD64
2021-10-22 23:14:55,739:INFO:platform: Windows-10-10.0.19043-SP0
2021-10-22 23:14:55,739:WARNING:cannot find psutil installation. memory not traceable. Install psutil using pip to enable memory logging.
2021-10-22 23:14:55,739:INFO:Checking libraries
2021-10-22 23:14:55,739:INFO:pd==1.3.4
2021-10-22 23:14:55,739:INFO:numpy==1.19.5
2021-10-22 23:14:55,739:INFO:sklearn==0.23.2
2021-10-22 23:14:55,739:INFO:lightgbm==3.3.0
2021-10-22 23:14:55,740:WARNING:catboost not found
2021-10-22 23:14:55,741:WARNING:xgboost not found
2021-10-22 23:14:55,741:INFO:mlflow==1.20.2
2021-10-22 23:14:55,741:INFO:Checking Exceptions
2021-10-22 23:14:55,741:INFO:Declaring global variables
2021-10-22 23:14:55,741:INFO:USI: fe74
2021-10-22 23:14:55,741:INFO:pycaret_globals: {'iterative_imputation_iters_param', 'prep_pipe', 'target_param', 'y', 'stratify_param', 'display_container', 'X_test', '_ml_usecase', 'fold_shuffle_param', 'imputation_regressor', 'pycaret_globals', 'y_test', 'gpu_param', 'html_param', 'fold_generator', '_internal_pipeline', 'fix_imbalance_param', 'data_before_preprocess', '_all_models', 'fold_groups_param_full', 'seed', 'transform_target_method_param', 'fold_groups_param', '_all_models_internal', 'log_plots_param', 'X_train', '_all_metrics', 'X', 'transform_target_param', 'y_train', 'logging_param', 'exp_name_log', 'create_model_container', 'n_jobs_param', 'experiment__', '_available_plots', 'master_model_container', 'imputation_classifier', 'fold_param', '_gpu_n_jobs_param', 'USI', 'fix_imbalance_method_param'}
2021-10-22 23:14:55,742:INFO:Preparing display monitor
2021-10-22 23:14:55,742:INFO:Preparing display monitor
2021-10-22 23:14:55,757:INFO:Importing libraries
2021-10-22 23:14:55,759:INFO:Copying data for preprocessing
2021-10-22 23:14:55,764:INFO:Declaring preprocessing parameters
2021-10-22 23:14:55,766:INFO:Creating preprocessing pipeline
2021-10-22 23:14:55,770:INFO:Preprocessing pipeline created successfully
2021-10-22 23:14:55,771:ERROR:(Process Exit): setup has been interupted with user command 'quit'. setup must rerun.
2021-10-22 23:14:55,771:INFO:Creating global containers
2021-10-22 23:14:55,771:INFO:Internal pipeline: Pipeline(memory=None,
         steps=[('fix_imbalance',
                 SMOTE(k_neighbors=5, n_jobs=None, random_state=4298,
                       sampling_strategy='auto'))],
         verbose=False)
2021-10-22 23:15:00,831:WARNING:Couldn't import xgboost.XGBClassifier
2021-10-22 23:15:00,832:WARNING:Couldn't import catboost.CatBoostClassifier
2021-10-22 23:15:00,891:WARNING:Couldn't import xgboost.XGBClassifier
2021-10-22 23:15:00,892:WARNING:Couldn't import catboost.CatBoostClassifier
2021-10-22 23:15:00,893:INFO:Creating grid variables
2021-10-22 23:15:00,902:INFO:create_model_container: 0
2021-10-22 23:15:00,903:INFO:master_model_container: 0
2021-10-22 23:15:00,903:INFO:display_container: 1
2021-10-22 23:15:00,907:INFO:Pipeline(memory=None,
         steps=[('dtypes',
                 DataTypes_Auto_infer(categorical_features=[],
                                      display_types=True, features_todrop=[],
                                      id_columns=[],
                                      ml_usecase='classification',
                                      numerical_features=['yearsAtCompany',
                                                          'averageMonthlyHours'],
                                      target='turnover', time_features=[])),
                ('imputer',
                 Simple_Imputer(categorical_strategy='not_available',
                                fill_value_categorical=None...
                ('P_transform', 'passthrough'), ('binn', 'passthrough'),
                ('rem_outliers', 'passthrough'), ('cluster_all', 'passthrough'),
                ('dummy', Dummify(target='turnover')),
                ('fix_perfect', Remove_100(target='turnover')),
                ('clean_names', Clean_Colum_Names()),
                ('feature_select', 'passthrough'), ('fix_multi', 'passthrough'),
                ('dfs', 'passthrough'), ('pca', 'passthrough')],
         verbose=False)
2021-10-22 23:15:00,907:INFO:setup() succesfully completed......................................
2021-10-22 23:15:06,273:INFO:Initializing compare_models()
2021-10-22 23:15:06,273:INFO:compare_models(include=None, fold=5, round=4, cross_validation=True, sort=AUC, n_select=1, budget_time=None, turbo=True, errors=ignore, fit_kwargs=None, groups=None, verbose=True, display=None, exclude=None)
2021-10-22 23:15:06,274:INFO:Checking exceptions
2021-10-22 23:15:06,277:INFO:Preparing display monitor
2021-10-22 23:15:06,277:INFO:Preparing display monitor
2021-10-22 23:15:06,307:INFO:Initializing Logistic Regression
2021-10-22 23:15:06,307:INFO:Total runtime is 8.436044057210286e-06 minutes
2021-10-22 23:15:06,314:INFO:SubProcess create_model() called ==================================
2021-10-22 23:15:06,314:INFO:Initializing create_model()
2021-10-22 23:15:06,315:INFO:create_model(estimator=lr, fold=StratifiedKFold(n_splits=5, random_state=None, shuffle=False), round=4, cross_validation=True, predict=True, fit_kwargs={}, groups=None, refit=False, verbose=False, system=False, metrics=None, add_to_model_list=True, display=<pycaret.internal.Display.Display object at 0x000001CD35654FA0>, kwargs={})
2021-10-22 23:15:06,315:INFO:Checking exceptions
2021-10-22 23:15:06,315:INFO:Importing libraries
2021-10-22 23:15:06,315:INFO:Copying training dataset
2021-10-22 23:15:06,315:INFO:Defining folds
2021-10-22 23:15:06,316:INFO:Declaring metric variables
2021-10-22 23:15:06,326:INFO:Importing untrained model
2021-10-22 23:15:06,331:INFO:Logistic Regression Imported succesfully
2021-10-22 23:15:06,345:INFO:Starting cross validation
2021-10-22 23:15:06,345:INFO:Cross validating with StratifiedKFold(n_splits=5, random_state=None, shuffle=False), n_jobs=-1
2021-10-22 23:15:12,567:INFO:Calculating mean and std
2021-10-22 23:15:12,569:INFO:Creating metrics dataframe
2021-10-22 23:15:12,577:INFO:Uploading results into container
2021-10-22 23:15:12,577:INFO:Uploading model into container now
2021-10-22 23:15:12,578:INFO:create_model_container: 1
2021-10-22 23:15:12,578:INFO:master_model_container: 1
2021-10-22 23:15:12,578:INFO:display_container: 2
2021-10-22 23:15:12,578:INFO:LogisticRegression(C=1.0, class_weight=None, dual=False, fit_intercept=True,
                   intercept_scaling=1, l1_ratio=None, max_iter=1000,
                   multi_class='auto', n_jobs=None, penalty='l2',
                   random_state=4298, solver='lbfgs', tol=0.0001, verbose=0,
                   warm_start=False)
2021-10-22 23:15:12,579:INFO:create_model() succesfully completed......................................
2021-10-22 23:15:12,694:INFO:SubProcess create_model() end ==================================
2021-10-22 23:15:12,694:INFO:Creating metrics dataframe
2021-10-22 23:15:12,711:INFO:Initializing K Neighbors Classifier
2021-10-22 23:15:12,712:INFO:Total runtime is 0.10675362745920818 minutes
2021-10-22 23:15:12,720:INFO:SubProcess create_model() called ==================================
2021-10-22 23:15:12,721:INFO:Initializing create_model()
2021-10-22 23:15:12,721:INFO:create_model(estimator=knn, fold=StratifiedKFold(n_splits=5, random_state=None, shuffle=False), round=4, cross_validation=True, predict=True, fit_kwargs={}, groups=None, refit=False, verbose=False, system=False, metrics=None, add_to_model_list=True, display=<pycaret.internal.Display.Display object at 0x000001CD35654FA0>, kwargs={})
2021-10-22 23:15:12,722:INFO:Checking exceptions
2021-10-22 23:15:12,722:INFO:Importing libraries
2021-10-22 23:15:12,722:INFO:Copying training dataset
2021-10-22 23:15:12,724:INFO:Defining folds
2021-10-22 23:15:12,724:INFO:Declaring metric variables
2021-10-22 23:15:12,738:INFO:Importing untrained model
2021-10-22 23:15:12,750:INFO:K Neighbors Classifier Imported succesfully
2021-10-22 23:15:12,791:INFO:Starting cross validation
2021-10-22 23:15:12,793:INFO:Cross validating with StratifiedKFold(n_splits=5, random_state=None, shuffle=False), n_jobs=-1
2021-10-22 23:15:17,854:INFO:Calculating mean and std
2021-10-22 23:15:17,855:INFO:Creating metrics dataframe
2021-10-22 23:15:17,860:INFO:Uploading results into container
2021-10-22 23:15:17,860:INFO:Uploading model into container now
2021-10-22 23:15:17,860:INFO:create_model_container: 2
2021-10-22 23:15:17,860:INFO:master_model_container: 2
2021-10-22 23:15:17,861:INFO:display_container: 2
2021-10-22 23:15:17,861:INFO:KNeighborsClassifier(algorithm='auto', leaf_size=30, metric='minkowski',
                     metric_params=None, n_jobs=-1, n_neighbors=5, p=2,
                     weights='uniform')
2021-10-22 23:15:17,862:INFO:create_model() succesfully completed......................................
2021-10-22 23:15:17,974:INFO:SubProcess create_model() end ==================================
2021-10-22 23:15:17,974:INFO:Creating metrics dataframe
2021-10-22 23:15:17,997:INFO:Initializing Naive Bayes
2021-10-22 23:15:17,997:INFO:Total runtime is 0.19484854539235433 minutes
2021-10-22 23:15:18,010:INFO:SubProcess create_model() called ==================================
2021-10-22 23:15:18,011:INFO:Initializing create_model()
2021-10-22 23:15:18,011:INFO:create_model(estimator=nb, fold=StratifiedKFold(n_splits=5, random_state=None, shuffle=False), round=4, cross_validation=True, predict=True, fit_kwargs={}, groups=None, refit=False, verbose=False, system=False, metrics=None, add_to_model_list=True, display=<pycaret.internal.Display.Display object at 0x000001CD35654FA0>, kwargs={})
2021-10-22 23:15:18,011:INFO:Checking exceptions
2021-10-22 23:15:18,012:INFO:Importing libraries
2021-10-22 23:15:18,012:INFO:Copying training dataset
2021-10-22 23:15:18,013:INFO:Defining folds
2021-10-22 23:15:18,013:INFO:Declaring metric variables
2021-10-22 23:15:18,025:INFO:Importing untrained model
2021-10-22 23:15:18,039:INFO:Naive Bayes Imported succesfully
2021-10-22 23:15:18,059:INFO:Starting cross validation
2021-10-22 23:15:18,060:INFO:Cross validating with StratifiedKFold(n_splits=5, random_state=None, shuffle=False), n_jobs=-1
2021-10-22 23:15:18,127:INFO:Calculating mean and std
2021-10-22 23:15:18,131:INFO:Creating metrics dataframe
2021-10-22 23:15:18,146:INFO:Uploading results into container
2021-10-22 23:15:18,147:INFO:Uploading model into container now
2021-10-22 23:15:18,148:INFO:create_model_container: 3
2021-10-22 23:15:18,148:INFO:master_model_container: 3
2021-10-22 23:15:18,148:INFO:display_container: 2
2021-10-22 23:15:18,151:INFO:GaussianNB(priors=None, var_smoothing=1e-09)
2021-10-22 23:15:18,151:INFO:create_model() succesfully completed......................................
2021-10-22 23:15:18,343:INFO:SubProcess create_model() end ==================================
2021-10-22 23:15:18,343:INFO:Creating metrics dataframe
2021-10-22 23:15:18,361:INFO:Initializing Decision Tree Classifier
2021-10-22 23:15:18,361:INFO:Total runtime is 0.20090925693511963 minutes
2021-10-22 23:15:18,372:INFO:SubProcess create_model() called ==================================
2021-10-22 23:15:18,372:INFO:Initializing create_model()
2021-10-22 23:15:18,373:INFO:create_model(estimator=dt, fold=StratifiedKFold(n_splits=5, random_state=None, shuffle=False), round=4, cross_validation=True, predict=True, fit_kwargs={}, groups=None, refit=False, verbose=False, system=False, metrics=None, add_to_model_list=True, display=<pycaret.internal.Display.Display object at 0x000001CD35654FA0>, kwargs={})
2021-10-22 23:15:18,373:INFO:Checking exceptions
2021-10-22 23:15:18,373:INFO:Importing libraries
2021-10-22 23:15:18,373:INFO:Copying training dataset
2021-10-22 23:15:18,374:INFO:Defining folds
2021-10-22 23:15:18,375:INFO:Declaring metric variables
2021-10-22 23:15:18,385:INFO:Importing untrained model
2021-10-22 23:15:18,391:INFO:Decision Tree Classifier Imported succesfully
2021-10-22 23:15:18,412:INFO:Starting cross validation
2021-10-22 23:15:18,413:INFO:Cross validating with StratifiedKFold(n_splits=5, random_state=None, shuffle=False), n_jobs=-1
2021-10-22 23:15:18,513:INFO:Calculating mean and std
2021-10-22 23:15:18,514:INFO:Creating metrics dataframe
2021-10-22 23:15:18,523:INFO:Uploading results into container
2021-10-22 23:15:18,523:INFO:Uploading model into container now
2021-10-22 23:15:18,523:INFO:create_model_container: 4
2021-10-22 23:15:18,523:INFO:master_model_container: 4
2021-10-22 23:15:18,523:INFO:display_container: 2
2021-10-22 23:15:18,524:INFO:DecisionTreeClassifier(ccp_alpha=0.0, class_weight=None, criterion='gini',
                       max_depth=None, max_features=None, max_leaf_nodes=None,
                       min_impurity_decrease=0.0, min_impurity_split=None,
                       min_samples_leaf=1, min_samples_split=2,
                       min_weight_fraction_leaf=0.0, presort='deprecated',
                       random_state=4298, splitter='best')
2021-10-22 23:15:18,524:INFO:create_model() succesfully completed......................................
2021-10-22 23:15:18,635:INFO:SubProcess create_model() end ==================================
2021-10-22 23:15:18,635:INFO:Creating metrics dataframe
2021-10-22 23:15:18,656:INFO:Initializing SVM - Linear Kernel
2021-10-22 23:15:18,656:INFO:Total runtime is 0.205829922358195 minutes
2021-10-22 23:15:18,667:INFO:SubProcess create_model() called ==================================
2021-10-22 23:15:18,667:INFO:Initializing create_model()
2021-10-22 23:15:18,667:INFO:create_model(estimator=svm, fold=StratifiedKFold(n_splits=5, random_state=None, shuffle=False), round=4, cross_validation=True, predict=True, fit_kwargs={}, groups=None, refit=False, verbose=False, system=False, metrics=None, add_to_model_list=True, display=<pycaret.internal.Display.Display object at 0x000001CD35654FA0>, kwargs={})
2021-10-22 23:15:18,667:INFO:Checking exceptions
2021-10-22 23:15:18,667:INFO:Importing libraries
2021-10-22 23:15:18,667:INFO:Copying training dataset
2021-10-22 23:15:18,670:INFO:Defining folds
2021-10-22 23:15:18,670:INFO:Declaring metric variables
2021-10-22 23:15:18,683:INFO:Importing untrained model
2021-10-22 23:15:18,697:INFO:SVM - Linear Kernel Imported succesfully
2021-10-22 23:15:18,721:INFO:Starting cross validation
2021-10-22 23:15:18,722:INFO:Cross validating with StratifiedKFold(n_splits=5, random_state=None, shuffle=False), n_jobs=-1
2021-10-22 23:15:18,817:INFO:Calculating mean and std
2021-10-22 23:15:18,819:INFO:Creating metrics dataframe
2021-10-22 23:15:18,826:INFO:Uploading results into container
2021-10-22 23:15:18,826:INFO:Uploading model into container now
2021-10-22 23:15:18,826:INFO:create_model_container: 5
2021-10-22 23:15:18,826:INFO:master_model_container: 5
2021-10-22 23:15:18,826:INFO:display_container: 2
2021-10-22 23:15:18,827:INFO:SGDClassifier(alpha=0.0001, average=False, class_weight=None,
              early_stopping=False, epsilon=0.1, eta0=0.001, fit_intercept=True,
              l1_ratio=0.15, learning_rate='optimal', loss='hinge',
              max_iter=1000, n_iter_no_change=5, n_jobs=-1, penalty='l2',
              power_t=0.5, random_state=4298, shuffle=True, tol=0.001,
              validation_fraction=0.1, verbose=0, warm_start=False)
2021-10-22 23:15:18,827:INFO:create_model() succesfully completed......................................
2021-10-22 23:15:18,938:INFO:SubProcess create_model() end ==================================
2021-10-22 23:15:18,938:INFO:Creating metrics dataframe
2021-10-22 23:15:18,962:INFO:Initializing Ridge Classifier
2021-10-22 23:15:18,962:INFO:Total runtime is 0.2109179218610128 minutes
2021-10-22 23:15:18,979:INFO:SubProcess create_model() called ==================================
2021-10-22 23:15:18,980:INFO:Initializing create_model()
2021-10-22 23:15:18,980:INFO:create_model(estimator=ridge, fold=StratifiedKFold(n_splits=5, random_state=None, shuffle=False), round=4, cross_validation=True, predict=True, fit_kwargs={}, groups=None, refit=False, verbose=False, system=False, metrics=None, add_to_model_list=True, display=<pycaret.internal.Display.Display object at 0x000001CD35654FA0>, kwargs={})
2021-10-22 23:15:18,980:INFO:Checking exceptions
2021-10-22 23:15:18,980:INFO:Importing libraries
2021-10-22 23:15:18,980:INFO:Copying training dataset
2021-10-22 23:15:18,982:INFO:Defining folds
2021-10-22 23:15:18,982:INFO:Declaring metric variables
2021-10-22 23:15:18,999:INFO:Importing untrained model
2021-10-22 23:15:19,006:INFO:Ridge Classifier Imported succesfully
2021-10-22 23:15:19,036:INFO:Starting cross validation
2021-10-22 23:15:19,038:INFO:Cross validating with StratifiedKFold(n_splits=5, random_state=None, shuffle=False), n_jobs=-1
2021-10-22 23:15:19,106:INFO:Calculating mean and std
2021-10-22 23:15:19,106:INFO:Creating metrics dataframe
2021-10-22 23:15:19,109:INFO:Uploading results into container
2021-10-22 23:15:19,110:INFO:Uploading model into container now
2021-10-22 23:15:19,110:INFO:create_model_container: 6
2021-10-22 23:15:19,110:INFO:master_model_container: 6
2021-10-22 23:15:19,110:INFO:display_container: 2
2021-10-22 23:15:19,111:INFO:RidgeClassifier(alpha=1.0, class_weight=None, copy_X=True, fit_intercept=True,
                max_iter=None, normalize=False, random_state=4298,
                solver='auto', tol=0.001)
2021-10-22 23:15:19,111:INFO:create_model() succesfully completed......................................
2021-10-22 23:15:19,242:INFO:SubProcess create_model() end ==================================
2021-10-22 23:15:19,242:INFO:Creating metrics dataframe
2021-10-22 23:15:19,268:INFO:Initializing Random Forest Classifier
2021-10-22 23:15:19,268:INFO:Total runtime is 0.21602086226145428 minutes
2021-10-22 23:15:19,276:INFO:SubProcess create_model() called ==================================
2021-10-22 23:15:19,277:INFO:Initializing create_model()
2021-10-22 23:15:19,277:INFO:create_model(estimator=rf, fold=StratifiedKFold(n_splits=5, random_state=None, shuffle=False), round=4, cross_validation=True, predict=True, fit_kwargs={}, groups=None, refit=False, verbose=False, system=False, metrics=None, add_to_model_list=True, display=<pycaret.internal.Display.Display object at 0x000001CD35654FA0>, kwargs={})
2021-10-22 23:15:19,277:INFO:Checking exceptions
2021-10-22 23:15:19,277:INFO:Importing libraries
2021-10-22 23:15:19,277:INFO:Copying training dataset
2021-10-22 23:15:19,278:INFO:Defining folds
2021-10-22 23:15:19,278:INFO:Declaring metric variables
2021-10-22 23:15:19,292:INFO:Importing untrained model
2021-10-22 23:15:19,307:INFO:Random Forest Classifier Imported succesfully
2021-10-22 23:15:19,338:INFO:Starting cross validation
2021-10-22 23:15:19,339:INFO:Cross validating with StratifiedKFold(n_splits=5, random_state=None, shuffle=False), n_jobs=-1
2021-10-22 23:15:21,195:INFO:Calculating mean and std
2021-10-22 23:15:21,196:INFO:Creating metrics dataframe
2021-10-22 23:15:21,205:INFO:Uploading results into container
2021-10-22 23:15:21,205:INFO:Uploading model into container now
2021-10-22 23:15:21,205:INFO:create_model_container: 7
2021-10-22 23:15:21,205:INFO:master_model_container: 7
2021-10-22 23:15:21,205:INFO:display_container: 2
2021-10-22 23:15:21,206:INFO:RandomForestClassifier(bootstrap=True, ccp_alpha=0.0, class_weight=None,
                       criterion='gini', max_depth=None, max_features='auto',
                       max_leaf_nodes=None, max_samples=None,
                       min_impurity_decrease=0.0, min_impurity_split=None,
                       min_samples_leaf=1, min_samples_split=2,
                       min_weight_fraction_leaf=0.0, n_estimators=100,
                       n_jobs=-1, oob_score=False, random_state=4298, verbose=0,
                       warm_start=False)
2021-10-22 23:15:21,206:INFO:create_model() succesfully completed......................................
2021-10-22 23:15:21,319:INFO:SubProcess create_model() end ==================================
2021-10-22 23:15:21,319:INFO:Creating metrics dataframe
2021-10-22 23:15:21,337:INFO:Initializing Quadratic Discriminant Analysis
2021-10-22 23:15:21,337:INFO:Total runtime is 0.2505026976267497 minutes
2021-10-22 23:15:21,352:INFO:SubProcess create_model() called ==================================
2021-10-22 23:15:21,352:INFO:Initializing create_model()
2021-10-22 23:15:21,352:INFO:create_model(estimator=qda, fold=StratifiedKFold(n_splits=5, random_state=None, shuffle=False), round=4, cross_validation=True, predict=True, fit_kwargs={}, groups=None, refit=False, verbose=False, system=False, metrics=None, add_to_model_list=True, display=<pycaret.internal.Display.Display object at 0x000001CD35654FA0>, kwargs={})
2021-10-22 23:15:21,352:INFO:Checking exceptions
2021-10-22 23:15:21,352:INFO:Importing libraries
2021-10-22 23:15:21,352:INFO:Copying training dataset
2021-10-22 23:15:21,352:INFO:Defining folds
2021-10-22 23:15:21,352:INFO:Declaring metric variables
2021-10-22 23:15:21,361:INFO:Importing untrained model
2021-10-22 23:15:21,372:INFO:Quadratic Discriminant Analysis Imported succesfully
2021-10-22 23:15:21,391:INFO:Starting cross validation
2021-10-22 23:15:21,391:INFO:Cross validating with StratifiedKFold(n_splits=5, random_state=None, shuffle=False), n_jobs=-1
2021-10-22 23:15:21,499:INFO:Calculating mean and std
2021-10-22 23:15:21,502:INFO:Creating metrics dataframe
2021-10-22 23:15:21,508:INFO:Uploading results into container
2021-10-22 23:15:21,509:INFO:Uploading model into container now
2021-10-22 23:15:21,509:INFO:create_model_container: 8
2021-10-22 23:15:21,509:INFO:master_model_container: 8
2021-10-22 23:15:21,509:INFO:display_container: 2
2021-10-22 23:15:21,509:INFO:QuadraticDiscriminantAnalysis(priors=None, reg_param=0.0,
                              store_covariance=False, tol=0.0001)
2021-10-22 23:15:21,509:INFO:create_model() succesfully completed......................................
2021-10-22 23:15:21,689:INFO:SubProcess create_model() end ==================================
2021-10-22 23:15:21,690:INFO:Creating metrics dataframe
2021-10-22 23:15:21,713:INFO:Initializing Ada Boost Classifier
2021-10-22 23:15:21,714:INFO:Total runtime is 0.2567793647448222 minutes
2021-10-22 23:15:21,726:INFO:SubProcess create_model() called ==================================
2021-10-22 23:15:21,726:INFO:Initializing create_model()
2021-10-22 23:15:21,726:INFO:create_model(estimator=ada, fold=StratifiedKFold(n_splits=5, random_state=None, shuffle=False), round=4, cross_validation=True, predict=True, fit_kwargs={}, groups=None, refit=False, verbose=False, system=False, metrics=None, add_to_model_list=True, display=<pycaret.internal.Display.Display object at 0x000001CD35654FA0>, kwargs={})
2021-10-22 23:15:21,726:INFO:Checking exceptions
2021-10-22 23:15:21,726:INFO:Importing libraries
2021-10-22 23:15:21,726:INFO:Copying training dataset
2021-10-22 23:15:21,727:INFO:Defining folds
2021-10-22 23:15:21,727:INFO:Declaring metric variables
2021-10-22 23:15:21,738:INFO:Importing untrained model
2021-10-22 23:15:21,748:INFO:Ada Boost Classifier Imported succesfully
2021-10-22 23:15:21,763:INFO:Starting cross validation
2021-10-22 23:15:21,766:INFO:Cross validating with StratifiedKFold(n_splits=5, random_state=None, shuffle=False), n_jobs=-1
2021-10-22 23:15:22,329:INFO:Calculating mean and std
2021-10-22 23:15:22,332:INFO:Creating metrics dataframe
2021-10-22 23:15:22,342:INFO:Uploading results into container
2021-10-22 23:15:22,342:INFO:Uploading model into container now
2021-10-22 23:15:22,343:INFO:create_model_container: 9
2021-10-22 23:15:22,343:INFO:master_model_container: 9
2021-10-22 23:15:22,343:INFO:display_container: 2
2021-10-22 23:15:22,343:INFO:AdaBoostClassifier(algorithm='SAMME.R', base_estimator=None, learning_rate=1.0,
                   n_estimators=50, random_state=4298)
2021-10-22 23:15:22,343:INFO:create_model() succesfully completed......................................
2021-10-22 23:15:22,490:INFO:SubProcess create_model() end ==================================
2021-10-22 23:15:22,491:INFO:Creating metrics dataframe
2021-10-22 23:15:22,509:INFO:Initializing Gradient Boosting Classifier
2021-10-22 23:15:22,509:INFO:Total runtime is 0.2700453599294027 minutes
2021-10-22 23:15:22,519:INFO:SubProcess create_model() called ==================================
2021-10-22 23:15:22,519:INFO:Initializing create_model()
2021-10-22 23:15:22,520:INFO:create_model(estimator=gbc, fold=StratifiedKFold(n_splits=5, random_state=None, shuffle=False), round=4, cross_validation=True, predict=True, fit_kwargs={}, groups=None, refit=False, verbose=False, system=False, metrics=None, add_to_model_list=True, display=<pycaret.internal.Display.Display object at 0x000001CD35654FA0>, kwargs={})
2021-10-22 23:15:22,520:INFO:Checking exceptions
2021-10-22 23:15:22,520:INFO:Importing libraries
2021-10-22 23:15:22,520:INFO:Copying training dataset
2021-10-22 23:15:22,520:INFO:Defining folds
2021-10-22 23:15:22,520:INFO:Declaring metric variables
2021-10-22 23:15:22,530:INFO:Importing untrained model
2021-10-22 23:15:22,542:INFO:Gradient Boosting Classifier Imported succesfully
2021-10-22 23:15:22,556:INFO:Starting cross validation
2021-10-22 23:15:22,557:INFO:Cross validating with StratifiedKFold(n_splits=5, random_state=None, shuffle=False), n_jobs=-1
2021-10-22 23:15:23,686:INFO:Calculating mean and std
2021-10-22 23:15:23,687:INFO:Creating metrics dataframe
2021-10-22 23:15:23,694:INFO:Uploading results into container
2021-10-22 23:15:23,695:INFO:Uploading model into container now
2021-10-22 23:15:23,695:INFO:create_model_container: 10
2021-10-22 23:15:23,695:INFO:master_model_container: 10
2021-10-22 23:15:23,695:INFO:display_container: 2
2021-10-22 23:15:23,696:INFO:GradientBoostingClassifier(ccp_alpha=0.0, criterion='friedman_mse', init=None,
                           learning_rate=0.1, loss='deviance', max_depth=3,
                           max_features=None, max_leaf_nodes=None,
                           min_impurity_decrease=0.0, min_impurity_split=None,
                           min_samples_leaf=1, min_samples_split=2,
                           min_weight_fraction_leaf=0.0, n_estimators=100,
                           n_iter_no_change=None, presort='deprecated',
                           random_state=4298, subsample=1.0, tol=0.0001,
                           validation_fraction=0.1, verbose=0,
                           warm_start=False)
2021-10-22 23:15:23,696:INFO:create_model() succesfully completed......................................
2021-10-22 23:15:23,830:INFO:SubProcess create_model() end ==================================
2021-10-22 23:15:23,830:INFO:Creating metrics dataframe
2021-10-22 23:15:23,853:INFO:Initializing Linear Discriminant Analysis
2021-10-22 23:15:23,853:INFO:Total runtime is 0.2924369295438131 minutes
2021-10-22 23:15:23,861:INFO:SubProcess create_model() called ==================================
2021-10-22 23:15:23,862:INFO:Initializing create_model()
2021-10-22 23:15:23,862:INFO:create_model(estimator=lda, fold=StratifiedKFold(n_splits=5, random_state=None, shuffle=False), round=4, cross_validation=True, predict=True, fit_kwargs={}, groups=None, refit=False, verbose=False, system=False, metrics=None, add_to_model_list=True, display=<pycaret.internal.Display.Display object at 0x000001CD35654FA0>, kwargs={})
2021-10-22 23:15:23,863:INFO:Checking exceptions
2021-10-22 23:15:23,863:INFO:Importing libraries
2021-10-22 23:15:23,863:INFO:Copying training dataset
2021-10-22 23:15:23,865:INFO:Defining folds
2021-10-22 23:15:23,865:INFO:Declaring metric variables
2021-10-22 23:15:23,877:INFO:Importing untrained model
2021-10-22 23:15:23,884:INFO:Linear Discriminant Analysis Imported succesfully
2021-10-22 23:15:23,907:INFO:Starting cross validation
2021-10-22 23:15:23,907:INFO:Cross validating with StratifiedKFold(n_splits=5, random_state=None, shuffle=False), n_jobs=-1
2021-10-22 23:15:24,003:INFO:Calculating mean and std
2021-10-22 23:15:24,004:INFO:Creating metrics dataframe
2021-10-22 23:15:24,013:INFO:Uploading results into container
2021-10-22 23:15:24,017:INFO:Uploading model into container now
2021-10-22 23:15:24,018:INFO:create_model_container: 11
2021-10-22 23:15:24,019:INFO:master_model_container: 11
2021-10-22 23:15:24,019:INFO:display_container: 2
2021-10-22 23:15:24,020:INFO:LinearDiscriminantAnalysis(n_components=None, priors=None, shrinkage=None,
                           solver='svd', store_covariance=False, tol=0.0001)
2021-10-22 23:15:24,020:INFO:create_model() succesfully completed......................................
2021-10-22 23:15:24,163:INFO:SubProcess create_model() end ==================================
2021-10-22 23:15:24,163:INFO:Creating metrics dataframe
2021-10-22 23:15:24,185:INFO:Initializing Extra Trees Classifier
2021-10-22 23:15:24,185:INFO:Total runtime is 0.2979700883229574 minutes
2021-10-22 23:15:24,195:INFO:SubProcess create_model() called ==================================
2021-10-22 23:15:24,196:INFO:Initializing create_model()
2021-10-22 23:15:24,196:INFO:create_model(estimator=et, fold=StratifiedKFold(n_splits=5, random_state=None, shuffle=False), round=4, cross_validation=True, predict=True, fit_kwargs={}, groups=None, refit=False, verbose=False, system=False, metrics=None, add_to_model_list=True, display=<pycaret.internal.Display.Display object at 0x000001CD35654FA0>, kwargs={})
2021-10-22 23:15:24,196:INFO:Checking exceptions
2021-10-22 23:15:24,196:INFO:Importing libraries
2021-10-22 23:15:24,197:INFO:Copying training dataset
2021-10-22 23:15:24,199:INFO:Defining folds
2021-10-22 23:15:24,199:INFO:Declaring metric variables
2021-10-22 23:15:24,206:INFO:Importing untrained model
2021-10-22 23:15:24,216:INFO:Extra Trees Classifier Imported succesfully
2021-10-22 23:15:24,231:INFO:Starting cross validation
2021-10-22 23:15:24,233:INFO:Cross validating with StratifiedKFold(n_splits=5, random_state=None, shuffle=False), n_jobs=-1
2021-10-22 23:15:25,812:INFO:Calculating mean and std
2021-10-22 23:15:25,818:INFO:Creating metrics dataframe
2021-10-22 23:15:25,824:INFO:Uploading results into container
2021-10-22 23:15:25,825:INFO:Uploading model into container now
2021-10-22 23:15:25,825:INFO:create_model_container: 12
2021-10-22 23:15:25,825:INFO:master_model_container: 12
2021-10-22 23:15:25,825:INFO:display_container: 2
2021-10-22 23:15:25,826:INFO:ExtraTreesClassifier(bootstrap=False, ccp_alpha=0.0, class_weight=None,
                     criterion='gini', max_depth=None, max_features='auto',
                     max_leaf_nodes=None, max_samples=None,
                     min_impurity_decrease=0.0, min_impurity_split=None,
                     min_samples_leaf=1, min_samples_split=2,
                     min_weight_fraction_leaf=0.0, n_estimators=100, n_jobs=-1,
                     oob_score=False, random_state=4298, verbose=0,
                     warm_start=False)
2021-10-22 23:15:25,826:INFO:create_model() succesfully completed......................................
2021-10-22 23:15:25,988:INFO:SubProcess create_model() end ==================================
2021-10-22 23:15:25,988:INFO:Creating metrics dataframe
2021-10-22 23:15:26,009:INFO:Initializing Light Gradient Boosting Machine
2021-10-22 23:15:26,010:INFO:Total runtime is 0.32838655710220344 minutes
2021-10-22 23:15:26,021:INFO:SubProcess create_model() called ==================================
2021-10-22 23:15:26,022:INFO:Initializing create_model()
2021-10-22 23:15:26,022:INFO:create_model(estimator=lightgbm, fold=StratifiedKFold(n_splits=5, random_state=None, shuffle=False), round=4, cross_validation=True, predict=True, fit_kwargs={}, groups=None, refit=False, verbose=False, system=False, metrics=None, add_to_model_list=True, display=<pycaret.internal.Display.Display object at 0x000001CD35654FA0>, kwargs={})
2021-10-22 23:15:26,022:INFO:Checking exceptions
2021-10-22 23:15:26,022:INFO:Importing libraries
2021-10-22 23:15:26,022:INFO:Copying training dataset
2021-10-22 23:15:26,023:INFO:Defining folds
2021-10-22 23:15:26,024:INFO:Declaring metric variables
2021-10-22 23:15:26,034:INFO:Importing untrained model
2021-10-22 23:15:26,044:INFO:Light Gradient Boosting Machine Imported succesfully
2021-10-22 23:15:26,068:INFO:Starting cross validation
2021-10-22 23:15:26,068:INFO:Cross validating with StratifiedKFold(n_splits=5, random_state=None, shuffle=False), n_jobs=-1
2021-10-22 23:15:26,487:INFO:Calculating mean and std
2021-10-22 23:15:26,488:INFO:Creating metrics dataframe
2021-10-22 23:15:26,494:INFO:Uploading results into container
2021-10-22 23:15:26,495:INFO:Uploading model into container now
2021-10-22 23:15:26,495:INFO:create_model_container: 13
2021-10-22 23:15:26,495:INFO:master_model_container: 13
2021-10-22 23:15:26,495:INFO:display_container: 2
2021-10-22 23:15:26,495:INFO:LGBMClassifier(boosting_type='gbdt', class_weight=None, colsample_bytree=1.0,
               importance_type='split', learning_rate=0.1, max_depth=-1,
               min_child_samples=20, min_child_weight=0.001, min_split_gain=0.0,
               n_estimators=100, n_jobs=-1, num_leaves=31, objective=None,
               random_state=4298, reg_alpha=0.0, reg_lambda=0.0, silent='warn',
               subsample=1.0, subsample_for_bin=200000, subsample_freq=0)
2021-10-22 23:15:26,495:INFO:create_model() succesfully completed......................................
2021-10-22 23:15:26,603:INFO:SubProcess create_model() end ==================================
2021-10-22 23:15:26,603:INFO:Creating metrics dataframe
2021-10-22 23:15:26,642:INFO:Initializing create_model()
2021-10-22 23:15:26,642:INFO:create_model(estimator=GradientBoostingClassifier(ccp_alpha=0.0, criterion='friedman_mse', init=None,
                           learning_rate=0.1, loss='deviance', max_depth=3,
                           max_features=None, max_leaf_nodes=None,
                           min_impurity_decrease=0.0, min_impurity_split=None,
                           min_samples_leaf=1, min_samples_split=2,
                           min_weight_fraction_leaf=0.0, n_estimators=100,
                           n_iter_no_change=None, presort='deprecated',
                           random_state=4298, subsample=1.0, tol=0.0001,
                           validation_fraction=0.1, verbose=0,
                           warm_start=False), fold=StratifiedKFold(n_splits=5, random_state=None, shuffle=False), round=4, cross_validation=False, predict=False, fit_kwargs={}, groups=None, refit=True, verbose=False, system=False, metrics=None, add_to_model_list=True, display=None, kwargs={})
2021-10-22 23:15:26,642:INFO:Checking exceptions
2021-10-22 23:15:26,642:INFO:Importing libraries
2021-10-22 23:15:26,642:INFO:Copying training dataset
2021-10-22 23:15:26,642:INFO:Defining folds
2021-10-22 23:15:26,643:INFO:Declaring metric variables
2021-10-22 23:15:26,643:INFO:Importing untrained model
2021-10-22 23:15:26,643:INFO:Declaring custom model
2021-10-22 23:15:26,644:INFO:Gradient Boosting Classifier Imported succesfully
2021-10-22 23:15:26,645:INFO:Cross validation set to False
2021-10-22 23:15:26,645:INFO:Fitting Model
2021-10-22 23:15:27,940:INFO:GradientBoostingClassifier(ccp_alpha=0.0, criterion='friedman_mse', init=None,
                           learning_rate=0.1, loss='deviance', max_depth=3,
                           max_features=None, max_leaf_nodes=None,
                           min_impurity_decrease=0.0, min_impurity_split=None,
                           min_samples_leaf=1, min_samples_split=2,
                           min_weight_fraction_leaf=0.0, n_estimators=100,
                           n_iter_no_change=None, presort='deprecated',
                           random_state=4298, subsample=1.0, tol=0.0001,
                           validation_fraction=0.1, verbose=0,
                           warm_start=False)
2021-10-22 23:15:27,940:INFO:create_models() succesfully completed......................................
2021-10-22 23:15:28,083:INFO:create_model_container: 13
2021-10-22 23:15:28,083:INFO:master_model_container: 13
2021-10-22 23:15:28,083:INFO:display_container: 2
2021-10-22 23:15:28,084:INFO:GradientBoostingClassifier(ccp_alpha=0.0, criterion='friedman_mse', init=None,
                           learning_rate=0.1, loss='deviance', max_depth=3,
                           max_features=None, max_leaf_nodes=None,
                           min_impurity_decrease=0.0, min_impurity_split=None,
                           min_samples_leaf=1, min_samples_split=2,
                           min_weight_fraction_leaf=0.0, n_estimators=100,
                           n_iter_no_change=None, presort='deprecated',
                           random_state=4298, subsample=1.0, tol=0.0001,
                           validation_fraction=0.1, verbose=0,
                           warm_start=False)
2021-10-22 23:15:28,084:INFO:compare_models() succesfully completed......................................
2021-10-22 23:15:34,222:INFO:Initializing create_model()
2021-10-22 23:15:34,223:INFO:create_model(estimator=gbc, fold=5, round=4, cross_validation=True, predict=True, fit_kwargs=None, groups=None, refit=True, verbose=True, system=True, metrics=None, add_to_model_list=True, display=None, kwargs={})
2021-10-22 23:15:34,223:INFO:Checking exceptions
2021-10-22 23:15:34,225:INFO:Preparing display monitor
2021-10-22 23:15:34,242:INFO:Importing libraries
2021-10-22 23:15:34,242:INFO:Copying training dataset
2021-10-22 23:15:34,243:INFO:Defining folds
2021-10-22 23:15:34,243:INFO:Declaring metric variables
2021-10-22 23:15:34,251:INFO:Importing untrained model
2021-10-22 23:15:34,261:INFO:Gradient Boosting Classifier Imported succesfully
2021-10-22 23:15:34,281:INFO:Starting cross validation
2021-10-22 23:15:34,283:INFO:Cross validating with StratifiedKFold(n_splits=5, random_state=None, shuffle=False), n_jobs=-1
2021-10-22 23:15:35,316:INFO:Calculating mean and std
2021-10-22 23:15:35,317:INFO:Creating metrics dataframe
2021-10-22 23:15:35,340:INFO:Finalizing model
2021-10-22 23:15:36,294:INFO:Uploading results into container
2021-10-22 23:15:36,295:INFO:Uploading model into container now
2021-10-22 23:15:36,307:INFO:create_model_container: 14
2021-10-22 23:15:36,308:INFO:master_model_container: 14
2021-10-22 23:15:36,308:INFO:display_container: 3
2021-10-22 23:15:36,308:INFO:GradientBoostingClassifier(ccp_alpha=0.0, criterion='friedman_mse', init=None,
                           learning_rate=0.1, loss='deviance', max_depth=3,
                           max_features=None, max_leaf_nodes=None,
                           min_impurity_decrease=0.0, min_impurity_split=None,
                           min_samples_leaf=1, min_samples_split=2,
                           min_weight_fraction_leaf=0.0, n_estimators=100,
                           n_iter_no_change=None, presort='deprecated',
                           random_state=4298, subsample=1.0, tol=0.0001,
                           validation_fraction=0.1, verbose=0,
                           warm_start=False)
2021-10-22 23:15:36,308:INFO:create_model() succesfully completed......................................
2021-10-22 23:15:40,318:INFO:Initializing tune_model()
2021-10-22 23:15:40,319:INFO:tune_model(estimator=GradientBoostingClassifier(ccp_alpha=0.0, criterion='friedman_mse', init=None,
                           learning_rate=0.1, loss='deviance', max_depth=3,
                           max_features=None, max_leaf_nodes=None,
                           min_impurity_decrease=0.0, min_impurity_split=None,
                           min_samples_leaf=1, min_samples_split=2,
                           min_weight_fraction_leaf=0.0, n_estimators=100,
                           n_iter_no_change=None, presort='deprecated',
                           random_state=4298, subsample=1.0, tol=0.0001,
                           validation_fraction=0.1, verbose=0,
                           warm_start=False), fold=5, round=4, n_iter=10, custom_grid={'learning_rate': [0.1, 0.2, 0.5], 'n_estimators': [100, 500, 1000], 'min_samples_split': [1, 2, 5, 10], 'max_depth': [1, 3, 9]}, optimize=AUC, custom_scorer=None, search_library=scikit-learn, search_algorithm=None, early_stopping=False, early_stopping_max_iters=10, choose_better=False, fit_kwargs=None, groups=None, return_tuner=False, verbose=True, tuner_verbose=True, display=None, kwargs={})
2021-10-22 23:15:40,319:INFO:Checking exceptions
2021-10-22 23:15:40,320:INFO:Preparing display monitor
2021-10-22 23:15:40,337:INFO:Copying training dataset
2021-10-22 23:15:40,338:INFO:Checking base model
2021-10-22 23:15:40,338:INFO:Base model : Gradient Boosting Classifier
2021-10-22 23:15:40,346:INFO:Declaring metric variables
2021-10-22 23:15:40,358:INFO:Defining Hyperparameters
2021-10-22 23:15:40,463:INFO:custom_grid: {'actual_estimator__learning_rate': [0.1, 0.2, 0.5], 'actual_estimator__n_estimators': [100, 500, 1000], 'actual_estimator__min_samples_split': [1, 2, 5, 10], 'actual_estimator__max_depth': [1, 3, 9]}
2021-10-22 23:15:40,464:INFO:Tuning with n_jobs=-1
2021-10-22 23:15:40,464:INFO:Initializing RandomizedSearchCV
2021-10-22 23:16:25,630:INFO:best_params: {'actual_estimator__n_estimators': 500, 'actual_estimator__min_samples_split': 5, 'actual_estimator__max_depth': 1, 'actual_estimator__learning_rate': 0.1}
2021-10-22 23:16:25,630:INFO:Hyperparameter search completed
2021-10-22 23:16:25,631:INFO:SubProcess create_model() called ==================================
2021-10-22 23:16:25,631:INFO:Initializing create_model()
2021-10-22 23:16:25,631:INFO:create_model(estimator=GradientBoostingClassifier(ccp_alpha=0.0, criterion='friedman_mse', init=None,
                           learning_rate=0.1, loss='deviance', max_depth=3,
                           max_features=None, max_leaf_nodes=None,
                           min_impurity_decrease=0.0, min_impurity_split=None,
                           min_samples_leaf=1, min_samples_split=2,
                           min_weight_fraction_leaf=0.0, n_estimators=100,
                           n_iter_no_change=None, presort='deprecated',
                           random_state=4298, subsample=1.0, tol=0.0001,
                           validation_fraction=0.1, verbose=0,
                           warm_start=False), fold=StratifiedKFold(n_splits=5, random_state=None, shuffle=False), round=4, cross_validation=True, predict=True, fit_kwargs={}, groups=None, refit=True, verbose=True, system=False, metrics=None, add_to_model_list=True, display=<pycaret.internal.Display.Display object at 0x000001CD392B1700>, kwargs={'n_estimators': 500, 'min_samples_split': 5, 'max_depth': 1, 'learning_rate': 0.1})
2021-10-22 23:16:25,631:INFO:Checking exceptions
2021-10-22 23:16:25,631:INFO:Importing libraries
2021-10-22 23:16:25,631:INFO:Copying training dataset
2021-10-22 23:16:25,632:INFO:Defining folds
2021-10-22 23:16:25,632:INFO:Declaring metric variables
2021-10-22 23:16:25,641:INFO:Importing untrained model
2021-10-22 23:16:25,642:INFO:Declaring custom model
2021-10-22 23:16:25,650:INFO:Gradient Boosting Classifier Imported succesfully
2021-10-22 23:16:25,667:INFO:Starting cross validation
2021-10-22 23:16:25,668:INFO:Cross validating with StratifiedKFold(n_splits=5, random_state=None, shuffle=False), n_jobs=-1
2021-10-22 23:16:28,231:INFO:Calculating mean and std
2021-10-22 23:16:28,233:INFO:Creating metrics dataframe
2021-10-22 23:16:28,261:INFO:Finalizing model
2021-10-22 23:16:30,089:INFO:Uploading results into container
2021-10-22 23:16:30,090:INFO:Uploading model into container now
2021-10-22 23:16:30,090:INFO:create_model_container: 15
2021-10-22 23:16:30,090:INFO:master_model_container: 15
2021-10-22 23:16:30,090:INFO:display_container: 4
2021-10-22 23:16:30,092:INFO:GradientBoostingClassifier(ccp_alpha=0.0, criterion='friedman_mse', init=None,
                           learning_rate=0.1, loss='deviance', max_depth=1,
                           max_features=None, max_leaf_nodes=None,
                           min_impurity_decrease=0.0, min_impurity_split=None,
                           min_samples_leaf=1, min_samples_split=5,
                           min_weight_fraction_leaf=0.0, n_estimators=500,
                           n_iter_no_change=None, presort='deprecated',
                           random_state=4298, subsample=1.0, tol=0.0001,
                           validation_fraction=0.1, verbose=0,
                           warm_start=False)
2021-10-22 23:16:30,092:INFO:create_model() succesfully completed......................................
2021-10-22 23:16:30,164:INFO:SubProcess create_model() end ==================================
2021-10-22 23:16:30,170:INFO:create_model_container: 15
2021-10-22 23:16:30,171:INFO:master_model_container: 15
2021-10-22 23:16:30,171:INFO:display_container: 4
2021-10-22 23:16:30,171:INFO:GradientBoostingClassifier(ccp_alpha=0.0, criterion='friedman_mse', init=None,
                           learning_rate=0.1, loss='deviance', max_depth=1,
                           max_features=None, max_leaf_nodes=None,
                           min_impurity_decrease=0.0, min_impurity_split=None,
                           min_samples_leaf=1, min_samples_split=5,
                           min_weight_fraction_leaf=0.0, n_estimators=500,
                           n_iter_no_change=None, presort='deprecated',
                           random_state=4298, subsample=1.0, tol=0.0001,
                           validation_fraction=0.1, verbose=0,
                           warm_start=False)
2021-10-22 23:16:30,171:INFO:tune_model() succesfully completed......................................
2021-10-22 23:17:22,134:INFO:Initializing finalize_model()
2021-10-22 23:17:22,135:INFO:finalize_model(estimator=GradientBoostingClassifier(ccp_alpha=0.0, criterion='friedman_mse', init=None,
                           learning_rate=0.1, loss='deviance', max_depth=1,
                           max_features=None, max_leaf_nodes=None,
                           min_impurity_decrease=0.0, min_impurity_split=None,
                           min_samples_leaf=1, min_samples_split=5,
                           min_weight_fraction_leaf=0.0, n_estimators=500,
                           n_iter_no_change=None, presort='deprecated',
                           random_state=4298, subsample=1.0, tol=0.0001,
                           validation_fraction=0.1, verbose=0,
                           warm_start=False), fit_kwargs=None, groups=None, model_only=True, display=None)
2021-10-22 23:17:22,135:INFO:Finalizing GradientBoostingClassifier(ccp_alpha=0.0, criterion='friedman_mse', init=None,
                           learning_rate=0.1, loss='deviance', max_depth=1,
                           max_features=None, max_leaf_nodes=None,
                           min_impurity_decrease=0.0, min_impurity_split=None,
                           min_samples_leaf=1, min_samples_split=5,
                           min_weight_fraction_leaf=0.0, n_estimators=500,
                           n_iter_no_change=None, presort='deprecated',
                           random_state=4298, subsample=1.0, tol=0.0001,
                           validation_fraction=0.1, verbose=0,
                           warm_start=False)
2021-10-22 23:17:22,136:INFO:Initializing create_model()
2021-10-22 23:17:22,136:INFO:create_model(estimator=GradientBoostingClassifier(ccp_alpha=0.0, criterion='friedman_mse', init=None,
                           learning_rate=0.1, loss='deviance', max_depth=1,
                           max_features=None, max_leaf_nodes=None,
                           min_impurity_decrease=0.0, min_impurity_split=None,
                           min_samples_leaf=1, min_samples_split=5,
                           min_weight_fraction_leaf=0.0, n_estimators=500,
                           n_iter_no_change=None, presort='deprecated',
                           random_state=4298, subsample=1.0, tol=0.0001,
                           validation_fraction=0.1, verbose=0,
                           warm_start=False), fold=None, round=4, cross_validation=True, predict=True, fit_kwargs={}, groups=None, refit=True, verbose=False, system=False, metrics=None, add_to_model_list=False, display=None, kwargs={})
2021-10-22 23:17:22,136:INFO:Checking exceptions
2021-10-22 23:17:22,136:INFO:Importing libraries
2021-10-22 23:17:22,137:INFO:Copying training dataset
2021-10-22 23:17:22,137:INFO:Defining folds
2021-10-22 23:17:22,137:INFO:Declaring metric variables
2021-10-22 23:17:22,137:INFO:Importing untrained model
2021-10-22 23:17:22,137:INFO:Declaring custom model
2021-10-22 23:17:22,138:INFO:Gradient Boosting Classifier Imported succesfully
2021-10-22 23:17:22,138:INFO:Starting cross validation
2021-10-22 23:17:22,138:INFO:Cross validating with StratifiedKFold(n_splits=10, random_state=None, shuffle=False), n_jobs=-1
2021-10-22 23:17:30,054:INFO:Calculating mean and std
2021-10-22 23:17:30,055:INFO:Creating metrics dataframe
2021-10-22 23:17:30,057:INFO:Finalizing model
2021-10-22 23:17:33,311:INFO:create_model_container: 15
2021-10-22 23:17:33,312:INFO:master_model_container: 15
2021-10-22 23:17:33,312:INFO:display_container: 5
2021-10-22 23:17:33,312:INFO:GradientBoostingClassifier(ccp_alpha=0.0, criterion='friedman_mse', init=None,
                           learning_rate=0.1, loss='deviance', max_depth=1,
                           max_features=None, max_leaf_nodes=None,
                           min_impurity_decrease=0.0, min_impurity_split=None,
                           min_samples_leaf=1, min_samples_split=5,
                           min_weight_fraction_leaf=0.0, n_estimators=500,
                           n_iter_no_change=None, presort='deprecated',
                           random_state=4298, subsample=1.0, tol=0.0001,
                           validation_fraction=0.1, verbose=0,
                           warm_start=False)
2021-10-22 23:17:33,312:INFO:create_model() succesfully completed......................................
2021-10-22 23:17:33,413:INFO:create_model_container: 15
2021-10-22 23:17:33,413:INFO:master_model_container: 15
2021-10-22 23:17:33,413:INFO:display_container: 4
2021-10-22 23:17:33,414:INFO:GradientBoostingClassifier(ccp_alpha=0.0, criterion='friedman_mse', init=None,
                           learning_rate=0.1, loss='deviance', max_depth=1,
                           max_features=None, max_leaf_nodes=None,
                           min_impurity_decrease=0.0, min_impurity_split=None,
                           min_samples_leaf=1, min_samples_split=5,
                           min_weight_fraction_leaf=0.0, n_estimators=500,
                           n_iter_no_change=None, presort='deprecated',
                           random_state=4298, subsample=1.0, tol=0.0001,
                           validation_fraction=0.1, verbose=0,
                           warm_start=False)
2021-10-22 23:17:33,414:INFO:finalize_model() succesfully completed......................................
2021-10-22 23:17:36,561:INFO:Initializing save_model()
2021-10-22 23:17:36,561:INFO:save_model(model=GradientBoostingClassifier(ccp_alpha=0.0, criterion='friedman_mse', init=None,
                           learning_rate=0.1, loss='deviance', max_depth=1,
                           max_features=None, max_leaf_nodes=None,
                           min_impurity_decrease=0.0, min_impurity_split=None,
                           min_samples_leaf=1, min_samples_split=5,
                           min_weight_fraction_leaf=0.0, n_estimators=500,
                           n_iter_no_change=None, presort='deprecated',
                           random_state=4298, subsample=1.0, tol=0.0001,
                           validation_fraction=0.1, verbose=0,
                           warm_start=False), model_name=model, prep_pipe_=Pipeline(memory=None,
         steps=[('dtypes',
                 DataTypes_Auto_infer(categorical_features=[],
                                      display_types=True, features_todrop=[],
                                      id_columns=[],
                                      ml_usecase='classification',
                                      numerical_features=['yearsAtCompany',
                                                          'averageMonthlyHours'],
                                      target='turnover', time_features=[])),
                ('imputer',
                 Simple_Imputer(categorical_strategy='not_available',
                                fill_value_categorical=None...
                ('P_transform', 'passthrough'), ('binn', 'passthrough'),
                ('rem_outliers', 'passthrough'), ('cluster_all', 'passthrough'),
                ('dummy', Dummify(target='turnover')),
                ('fix_perfect', Remove_100(target='turnover')),
                ('clean_names', Clean_Colum_Names()),
                ('feature_select', 'passthrough'), ('fix_multi', 'passthrough'),
                ('dfs', 'passthrough'), ('pca', 'passthrough')],
         verbose=False), verbose=True, kwargs={})
2021-10-22 23:17:36,562:INFO:Adding model into prep_pipe
2021-10-22 23:17:36,589:INFO:model.pkl saved in current working directory
2021-10-22 23:17:36,593:INFO:Pipeline(memory=None,
         steps=[('dtypes',
                 DataTypes_Auto_infer(categorical_features=[],
                                      display_types=True, features_todrop=[],
                                      id_columns=[],
                                      ml_usecase='classification',
                                      numerical_features=['yearsAtCompany',
                                                          'averageMonthlyHours'],
                                      target='turnover', time_features=[])),
                ('imputer',
                 Simple_Imputer(categorical_strategy='not_available',
                                fill_value_categorical=None...
                                            learning_rate=0.1, loss='deviance',
                                            max_depth=1, max_features=None,
                                            max_leaf_nodes=None,
                                            min_impurity_decrease=0.0,
                                            min_impurity_split=None,
                                            min_samples_leaf=1,
                                            min_samples_split=5,
                                            min_weight_fraction_leaf=0.0,
                                            n_estimators=500,
                                            n_iter_no_change=None,
                                            presort='deprecated',
                                            random_state=4298, subsample=1.0,
                                            tol=0.0001, validation_fraction=0.1,
                                            verbose=0, warm_start=False)]],
         verbose=False)
2021-10-22 23:17:36,594:INFO:save_model() successfully completed......................................
